<?xml version="1.0" encoding="UTF-8"?>
<!-- Generated by org.testng.reporters.JUnitXMLReporter -->
<testsuite hostname="DESKTOP-FFVUEMJ" ignored="0" name="Create Account Test" tests="1" failures="1" timestamp="2023-02-03T17:42:53 IST" time="27.417" errors="0">
  <testcase name="createAccountTest" time="26.727" classname="com.w2a.testcases.CreateAccountTest">
    <failure type="java.lang.AssertionError" message="Failing Account Test">
      <![CDATA[java.lang.AssertionError: Failing Account Test
at com.w2a.testcases.CreateAccountTest.createAccountTest(CreateAccountTest.java:28)
at java.util.ArrayList.forEach(ArrayList.java:1257)
... Removed 32 stack frames]]>
    </failure>
  </testcase> <!-- createAccountTest -->
</testsuite> <!-- Create Account Test -->
